
Collecting usage statistics. To deactivate, set browser.gatherUsageStats to false.


  You can now view your Streamlit app in your browser.

  Local URL: http://localhost:8501
  Network URL: http://172.31.44.101:8501
  External URL: http://52.27.54.161:8501

2024-10-23 21:28:04.724 Uncaught app exception
Traceback (most recent call last):
  File "/home/ubuntu/aafs/lib/python3.12/site-packages/streamlit/runtime/scriptrunner/exec_code.py", line 88, in exec_func_with_error_handling
    result = func()
             ^^^^^^
  File "/home/ubuntu/aafs/lib/python3.12/site-packages/streamlit/runtime/scriptrunner/script_runner.py", line 579, in code_to_exec
    exec(code, module.__dict__)
  File "/home/ubuntu/aaf/aafHome.py", line 2, in <module>
    import streamlit_authenticator as stauth
ModuleNotFoundError: No module named 'streamlit_authenticator'
2024-10-23 21:28:17.321 Uncaught app exception
Traceback (most recent call last):
  File "/home/ubuntu/aafs/lib/python3.12/site-packages/streamlit/runtime/scriptrunner/exec_code.py", line 88, in exec_func_with_error_handling
    result = func()
             ^^^^^^
  File "/home/ubuntu/aafs/lib/python3.12/site-packages/streamlit/runtime/scriptrunner/script_runner.py", line 579, in code_to_exec
    exec(code, module.__dict__)
  File "/home/ubuntu/aaf/aafHome.py", line 2, in <module>
    import streamlit_authenticator as stauth
ModuleNotFoundError: No module named 'streamlit_authenticator'
  Stopping...

Collecting usage statistics. To deactivate, set browser.gatherUsageStats to false.


  You can now view your Streamlit app in your browser.

  Local URL: http://localhost:8501
  Network URL: http://172.31.44.101:8501
  External URL: http://52.27.54.161:8501

'some_cookie_name'
'some_cookie_name'
'some_cookie_name'
'some_cookie_name'
'some_cookie_name'
  Stopping...
